<?xml version="1.0" encoding="UTF-8"?>
<!-- Generated by org.testng.reporters.JUnitXMLReporter -->
<testsuite ignored="0" hostname="Admin-PC" failures="0" tests="2" name="Regression Test All" time="22.669" errors="0" timestamp="2023-07-22T10:00:40 GMT+07:00">
  <testcase classname="hoantest.SearchFlights_Day16" name="ChooseDatePicker" time="0.444"/>
  <testcase classname="hoantest.Day12_Checkbox_Radio_Dropdown" name="isRadioButtonSelected" time="2.633"/>
</testsuite> <!-- Regression Test All -->
